make all --print-data-base --no-builtin-variables --no-builtin-rules --question
# GNU Make 3.81
# Copyright (C) 2006  Free Software Foundation, Inc.
# This is free software; see the source for copying conditions.
# There is NO warranty; not even for MERCHANTABILITY or FITNESS FOR A
# PARTICULAR PURPOSE.

# This program built for i386-apple-darwin11.3.0

# Make data base, printed on Sun Jul 31 05:45:55 2022

# Variables

# automatic
<D = $(patsubst %/,%,$(dir $<))
# automatic
?F = $(notdir $?)
# makefile (from `Makefile', line 19)
OBJ := Log.o LogEntry.o LogReader.o Date.o Lockable.o Runable.o PthreadLockable.o PthreadRunable.o Args.o PthreadTimer.o RdFile.o Base.o
# makefile (from `Makefile', line 17)
INCDIR = /usr/local/include/framework
# makefile (from `Makefile', line 1)
SRC = Log.cpp LogEntry.cpp LogReader.cpp Date.cpp Lockable.cpp Runable.cpp PthreadLockable.cpp PthreadRunable.cpp Args.cpp PthreadTimer.cpp RdFile.cpp Base.cpp
# automatic
?D = $(patsubst %/,%,$(dir $?))
# automatic
@D = $(patsubst %/,%,$(dir $@))
# automatic
@F = $(notdir $@)
# makefile
CURDIR := /Users/barry.robinson/workspace/sandbox/development/models/framework_lib
# makefile
SHELL = /bin/sh
# environment
VSCODE_NLS_CONFIG = {"locale":"en-gb","availableLanguages":{},"_languagePackSupport":true}
# environment
_ = /usr/bin/make
# makefile (from `Makefile', line 1)
MAKEFILE_LIST :=  Makefile
# makefile (from `Makefile', line 23)
CXXFLAGS = -Wall -g -std=c++17
# environment
__CFBundleIdentifier = com.microsoft.VSCode
# environment
VSCODE_CWD = /
# environment
PATH = /usr/local/opt/bison/bin:/Library/Frameworks/Python.framework/Versions/3.10/bin:/usr/local/sbin:/opt/local/bin:/opt/local/sbin:/usr/local/bin:/usr/bin:/bin:/usr/sbin:/sbin:/Library/Apple/usr/bin:/Users/barry.robinson/workspace/scripts:/Users/barry.robinson/dtrace:/Applications/Xcode.app/Contents/Developer/usr/bin/:/usr/local/bin/
# environment
LaunchInstanceID = 2CAF4712-2C0C-4870-B34D-EE5CD6F5EBF8
# environment
ELECTRON_RUN_AS_NODE = 1
# makefile (from `Makefile', line 14)
LIB = libframework.so
# default
.FEATURES := target-specific order-only second-expansion else-if archives jobserver check-symlink
# environment
SSH_AUTH_SOCK = /private/tmp/com.apple.launchd.Qm9VWdwcPo/Listeners
# automatic
%F = $(notdir $%)
# environment
PWD = /Users/barry.robinson/workspace/sandbox/development/models/framework_lib
# environment
ORIGINAL_XDG_CURRENT_DESKTOP = undefined
# makefile (from `Makefile', line 20)
HDR := Log.h LogEntry.h LogReader.h Date.h Lockable.h Runable.h PthreadLockable.h PthreadRunable.h Args.h PthreadTimer.h RdFile.h Base.h
# environment
VSCODE_AMD_ENTRYPOINT = vs/workbench/api/node/extensionHostProcess
# environment
HOME = /Users/barry.robinson
# environment
LD_LIBRARY_PATH = /usr/local/lib:/usr/lib:/usr/lib64:/usr/local/lib64
# default
MAKEFILEPATH := /Applications/Xcode.app/Contents/Developer/Makefiles
# environment
VSCODE_CODE_CACHE_PATH = /Users/barry.robinson/Library/Application Support/Code/CachedData/3b889b090b5ad5793f524b5d1d39fda662b96a2a
# environment
LOGNAME = barry.robinson
# environment
APPLICATION_INSIGHTS_NO_DIAGNOSTIC_CHANNEL = true
# environment
VSCODE_HANDLES_UNCAUGHT_ERRORS = true
# automatic
^D = $(patsubst %/,%,$(dir $^))
# environment
XPC_FLAGS = 0x0
# default
MAKE = $(MAKE_COMMAND)
# default
MAKECMDGOALS := all
# environment
SHLVL = 2
# default
MAKE_VERSION := 3.81
# environment
USER = barry.robinson
# makefile
.DEFAULT_GOAL := all
# automatic
%D = $(patsubst %/,%,$(dir $%))
# default
MAKE_COMMAND := /Applications/Xcode.app/Contents/Developer/usr/bin/make
# makefile (from `Makefile', line 16)
LIBDIR = /usr/local/lib
# default
.VARIABLES := 
# environment
TMPDIR = /var/folders/p0/mk7hjb_n1cq8hcr7x6sckbl40000gp/T/
# automatic
*F = $(notdir $*)
# environment
VSCODE_IPC_HOOK = /Users/barry.robinson/Library/Application Support/Code/1.69.2-main.sock
# environment
MallocNanoZone = 0
# makefile
MAKEFLAGS = Rrqp
# environment
MFLAGS = -Rrqp
# automatic
*D = $(patsubst %/,%,$(dir $*))
# environment
XPC_SERVICE_NAME = application.com.microsoft.VSCode.43576033.43576039
# automatic
+D = $(patsubst %/,%,$(dir $+))
# automatic
+F = $(notdir $+)
# environment
__CF_USER_TEXT_ENCODING = 0x1F6:0:2
# environment
COMMAND_MODE = unix2003
# default
MAKEFILES := 
# automatic
<F = $(notdir $<)
# environment
GCC_COLORS = error=01;31:warning=01;35:note=01;36:caret=01;32:locus=01:quote=01
# environment
LC_ALL = C
# environment
SECURITYSESSIONID = 186c6
# automatic
^F = $(notdir $^)
# default
SUFFIXES := 
# default
.INCLUDE_DIRS = /usr/local/include
# environment
MAKELEVEL := 0
# environment
LANG = C
# environment
VSCODE_PID = 1590
# variable set hash-table stats:
# Load=69/1024=7%, Rehash=0, Collisions=3/99=3%

# Pattern-specific Variable Values

# No pattern-specific variable values.

# Directories

# . (device 16777225, inode 18260420): 48 files, no impossibilities.

# 48 files, no impossibilities in 1 directories.

# Implicit Rules

%.o: %.cpp
#  commands to execute (from `Makefile', line 36):
	$(CXX) -c $(CXXFLAGS) $< -o $@
	

# 1 implicit rules, 0 (0.0%) terminal.

# Files

RdFile.o: RdFile.cpp
#  Implicit rule search has been done.
#  Implicit/static pattern stem: `RdFile'
#  Last modified 2022-03-30 13:34:05
#  File has been updated.
#  Successfully updated.
# variable set hash-table stats:
# Load=0/32=0%, Rehash=0, Collisions=0/0=0%
#  commands to execute (from `Makefile', line 36):
	$(CXX) -c $(CXXFLAGS) $< -o $@
	

.PHONEY: test runtest doxygen clean
#  Implicit rule search has not been done.
#  Modification time never checked.
#  File has not been updated.

# Not a target:
Base.h:
#  Implicit rule search has been done.
#  Last modified 2022-01-20 11:33:23
#  File has been updated.
#  Successfully updated.
# variable set hash-table stats:
# Load=0/32=0%, Rehash=0, Collisions=0/0=0%

libframework.so: Log.o LogEntry.o LogReader.o Date.o Lockable.o Runable.o PthreadLockable.o PthreadRunable.o Args.o PthreadTimer.o RdFile.o Base.o Log.h LogEntry.h LogReader.h Date.h Lockable.h Runable.h PthreadLockable.h PthreadRunable.h Args.h PthreadTimer.h RdFile.h Base.h
#  Implicit rule search has not been done.
#  Last modified 2022-03-30 13:34:06
#  File has been updated.
#  Successfully updated.
# variable set hash-table stats:
# Load=0/32=0%, Rehash=0, Collisions=0/0=0%
#  commands to execute (from `Makefile', line 29):
	@echo "Building shared library"
	$(CXX) $(CXXFLAGS) -shared -o $(LIB) $(OBJ)
	cp $(LIB) $(LIBDIR)
	mkdir -p $(INCDIR)
	cp *.h $(INCDIR) 
	

all: libframework.so
#  Command-line target.
#  Implicit rule search has been done.
#  File does not exist.
#  File has been updated.
#  Successfully updated.
# variable set hash-table stats:
# Load=0/32=0%, Rehash=0, Collisions=0/0=0%

# Not a target:
Runable.h:
#  Implicit rule search has been done.
#  Last modified 2022-01-20 11:33:23
#  File has been updated.
#  Successfully updated.
# variable set hash-table stats:
# Load=0/32=0%, Rehash=0, Collisions=0/0=0%

# Not a target:
Args.cpp:
#  Implicit rule search has been done.
#  Last modified 2022-03-30 13:33:32
#  File has been updated.
#  Successfully updated.
# variable set hash-table stats:
# Load=0/32=0%, Rehash=0, Collisions=0/0=0%

# Not a target:
Base.cpp:
#  Implicit rule search has been done.
#  Last modified 2022-01-20 11:33:23
#  File has been updated.
#  Successfully updated.
# variable set hash-table stats:
# Load=0/32=0%, Rehash=0, Collisions=0/0=0%

LogReader.o: LogReader.cpp
#  Implicit rule search has been done.
#  Implicit/static pattern stem: `LogReader'
#  Last modified 2022-03-30 13:34:00
#  File has been updated.
#  Successfully updated.
# variable set hash-table stats:
# Load=0/32=0%, Rehash=0, Collisions=0/0=0%
#  commands to execute (from `Makefile', line 36):
	$(CXX) -c $(CXXFLAGS) $< -o $@
	

# Not a target:
doxygen:
#  Implicit rule search has not been done.
#  Modification time never checked.
#  File has not been updated.

# Not a target:
Runable.cpp:
#  Implicit rule search has been done.
#  Last modified 2022-01-20 11:33:23
#  File has been updated.
#  Successfully updated.
# variable set hash-table stats:
# Load=0/32=0%, Rehash=0, Collisions=0/0=0%

# Not a target:
.SUFFIXES:
#  Implicit rule search has not been done.
 
#  Modification time never checked.
#  File has not been updated.

# Not a target:
Makefile:
#  Implicit rule search has been done.
#  Last modified 2022-01-29 11:28:18
#  File has been updated.
#  Successfully updated.
# variable set hash-table stats:
# Load=0/32=0%, Rehash=0, Collisions=0/0=0%

# Not a target:
test:
#  Implicit rule search has not been done.
#  Modification time never checked.
#  File has not been updated.

# Not a target:
PthreadLockable.h:
#  Implicit rule search has been done.
#  Last modified 2022-01-20 11:33:23
#  File has been updated.
#  Successfully updated.
# variable set hash-table stats:
# Load=0/32=0%, Rehash=0, Collisions=0/0=0%

LogEntry.o: LogEntry.cpp
#  Implicit rule search has been done.
#  Implicit/static pattern stem: `LogEntry'
#  Last modified 2022-03-30 13:33:59
#  File has been updated.
#  Successfully updated.
# variable set hash-table stats:
# Load=0/32=0%, Rehash=0, Collisions=0/0=0%
#  commands to execute (from `Makefile', line 36):
	$(CXX) -c $(CXXFLAGS) $< -o $@
	

Date.o: Date.cpp
#  Implicit rule search has been done.
#  Implicit/static pattern stem: `Date'
#  Last modified 2022-03-30 13:34:01
#  File has been updated.
#  Successfully updated.
# variable set hash-table stats:
# Load=0/32=0%, Rehash=0, Collisions=0/0=0%
#  commands to execute (from `Makefile', line 36):
	$(CXX) -c $(CXXFLAGS) $< -o $@
	

PthreadTimer.o: PthreadTimer.cpp
#  Implicit rule search has been done.
#  Implicit/static pattern stem: `PthreadTimer'
#  Last modified 2022-03-30 13:34:05
#  File has been updated.
#  Successfully updated.
# variable set hash-table stats:
# Load=0/32=0%, Rehash=0, Collisions=0/0=0%
#  commands to execute (from `Makefile', line 36):
	$(CXX) -c $(CXXFLAGS) $< -o $@
	

Args.o: Args.cpp
#  Implicit rule search has been done.
#  Implicit/static pattern stem: `Args'
#  Last modified 2022-03-30 13:34:04
#  File has been updated.
#  Successfully updated.
# variable set hash-table stats:
# Load=0/32=0%, Rehash=0, Collisions=0/0=0%
#  commands to execute (from `Makefile', line 36):
	$(CXX) -c $(CXXFLAGS) $< -o $@
	

# Not a target:
Lockable.h:
#  Implicit rule search has been done.
#  Last modified 2022-01-20 11:33:23
#  File has been updated.
#  Successfully updated.
# variable set hash-table stats:
# Load=0/32=0%, Rehash=0, Collisions=0/0=0%

# Not a target:
PthreadLockable.cpp:
#  Implicit rule search has been done.
#  Last modified 2022-01-20 11:33:23
#  File has been updated.
#  Successfully updated.
# variable set hash-table stats:
# Load=0/32=0%, Rehash=0, Collisions=0/0=0%

# Not a target:
PthreadRunable.h:
#  Implicit rule search has been done.
#  Last modified 2022-01-20 11:33:23
#  File has been updated.
#  Successfully updated.
# variable set hash-table stats:
# Load=0/32=0%, Rehash=0, Collisions=0/0=0%

# Not a target:
Log.h:
#  Implicit rule search has been done.
#  Last modified 2022-01-20 11:33:23
#  File has been updated.
#  Successfully updated.
# variable set hash-table stats:
# Load=0/32=0%, Rehash=0, Collisions=0/0=0%

# Not a target:
Lockable.cpp:
#  Implicit rule search has been done.
#  Last modified 2022-01-20 11:33:23
#  File has been updated.
#  Successfully updated.
# variable set hash-table stats:
# Load=0/32=0%, Rehash=0, Collisions=0/0=0%

# Not a target:
RdFile.h:
#  Implicit rule search has been done.
#  Last modified 2022-01-20 11:33:23
#  File has been updated.
#  Successfully updated.
# variable set hash-table stats:
# Load=0/32=0%, Rehash=0, Collisions=0/0=0%

# Not a target:
PthreadRunable.cpp:
#  Implicit rule search has been done.
#  Last modified 2022-01-20 11:33:23
#  File has been updated.
#  Successfully updated.
# variable set hash-table stats:
# Load=0/32=0%, Rehash=0, Collisions=0/0=0%

# Not a target:
Log.cpp:
#  Implicit rule search has been done.
#  Last modified 2022-01-20 11:33:23
#  File has been updated.
#  Successfully updated.
# variable set hash-table stats:
# Load=0/32=0%, Rehash=0, Collisions=0/0=0%

# Not a target:
RdFile.cpp:
#  Implicit rule search has been done.
#  Last modified 2022-01-20 11:33:23
#  File has been updated.
#  Successfully updated.
# variable set hash-table stats:
# Load=0/32=0%, Rehash=0, Collisions=0/0=0%

Base.o: Base.cpp
#  Implicit rule search has been done.
#  Implicit/static pattern stem: `Base'
#  Last modified 2022-03-30 13:34:06
#  File has been updated.
#  Successfully updated.
# variable set hash-table stats:
# Load=0/32=0%, Rehash=0, Collisions=0/0=0%
#  commands to execute (from `Makefile', line 36):
	$(CXX) -c $(CXXFLAGS) $< -o $@
	

# Not a target:
.DEFAULT:
#  Implicit rule search has not been done.
#  Modification time never checked.
#  File has not been updated.

# Not a target:
runtest:
#  Implicit rule search has not been done.
#  Modification time never checked.
#  File has not been updated.

Runable.o: Runable.cpp
#  Implicit rule search has been done.
#  Implicit/static pattern stem: `Runable'
#  Last modified 2022-03-30 13:34:02
#  File has been updated.
#  Successfully updated.
# variable set hash-table stats:
# Load=0/32=0%, Rehash=0, Collisions=0/0=0%
#  commands to execute (from `Makefile', line 36):
	$(CXX) -c $(CXXFLAGS) $< -o $@
	

# Not a target:
LogReader.h:
#  Implicit rule search has been done.
#  Last modified 2022-01-20 11:33:23
#  File has been updated.
#  Successfully updated.
# variable set hash-table stats:
# Load=0/32=0%, Rehash=0, Collisions=0/0=0%

clean:
#  Implicit rule search has not been done.
#  Modification time never checked.
#  File has not been updated.
#  commands to execute (from `Makefile', line 39):
	rm -f *.a *.o $(LIB)
	rm -f $(LIBDIR)/$(LIB)
	rm -rf $(INCDIR)
	

# Not a target:
LogReader.cpp:
#  Implicit rule search has been done.
#  Last modified 2022-01-20 11:33:23
#  File has been updated.
#  Successfully updated.
# variable set hash-table stats:
# Load=0/32=0%, Rehash=0, Collisions=0/0=0%

# Not a target:
LogEntry.h:
#  Implicit rule search has been done.
#  Last modified 2022-01-20 11:33:23
#  File has been updated.
#  Successfully updated.
# variable set hash-table stats:
# Load=0/32=0%, Rehash=0, Collisions=0/0=0%

PthreadLockable.o: PthreadLockable.cpp
#  Implicit rule search has been done.
#  Implicit/static pattern stem: `PthreadLockable'
#  Last modified 2022-03-30 13:34:03
#  File has been updated.
#  Successfully updated.
# variable set hash-table stats:
# Load=0/32=0%, Rehash=0, Collisions=0/0=0%
#  commands to execute (from `Makefile', line 36):
	$(CXX) -c $(CXXFLAGS) $< -o $@
	

# Not a target:
Date.h:
#  Implicit rule search has been done.
#  Last modified 2022-01-20 11:33:23
#  File has been updated.
#  Successfully updated.
# variable set hash-table stats:
# Load=0/32=0%, Rehash=0, Collisions=0/0=0%

# Not a target:
PthreadTimer.h:
#  Implicit rule search has been done.
#  Last modified 2022-01-20 11:33:23
#  File has been updated.
#  Successfully updated.
# variable set hash-table stats:
# Load=0/32=0%, Rehash=0, Collisions=0/0=0%

# Not a target:
Args.h:
#  Implicit rule search has been done.
#  Last modified 2022-03-30 13:33:32
#  File has been updated.
#  Successfully updated.
# variable set hash-table stats:
# Load=0/32=0%, Rehash=0, Collisions=0/0=0%

Lockable.o: Lockable.cpp
#  Implicit rule search has been done.
#  Implicit/static pattern stem: `Lockable'
#  Last modified 2022-03-30 13:34:01
#  File has been updated.
#  Successfully updated.
# variable set hash-table stats:
# Load=0/32=0%, Rehash=0, Collisions=0/0=0%
#  commands to execute (from `Makefile', line 36):
	$(CXX) -c $(CXXFLAGS) $< -o $@
	

# Not a target:
LogEntry.cpp:
#  Implicit rule search has been done.
#  Last modified 2022-01-20 11:33:23
#  File has been updated.
#  Successfully updated.
# variable set hash-table stats:
# Load=0/32=0%, Rehash=0, Collisions=0/0=0%

# Not a target:
Date.cpp:
#  Implicit rule search has been done.
#  Last modified 2022-01-20 11:33:23
#  File has been updated.
#  Successfully updated.
# variable set hash-table stats:
# Load=0/32=0%, Rehash=0, Collisions=0/0=0%

PthreadRunable.o: PthreadRunable.cpp
#  Implicit rule search has been done.
#  Implicit/static pattern stem: `PthreadRunable'
#  Last modified 2022-03-30 13:34:03
 
#  File has been updated.
#  Successfully updated.
# variable set hash-table stats:
# Load=0/32=0%, Rehash=0, Collisions=0/0=0%
#  commands to execute (from `Makefile', line 36):
	$(CXX) -c $(CXXFLAGS) $< -o $@
	

# Not a target:
PthreadTimer.cpp:
#  Implicit rule search has been done.
#  Last modified 2022-01-20 11:33:23
#  File has been updated.
#  Successfully updated.
# variable set hash-table stats:
# Load=0/32=0%, Rehash=0, Collisions=0/0=0%

Log.o: Log.cpp
#  Implicit rule search has been done.
#  Implicit/static pattern stem: `Log'
#  Last modified 2022-03-30 13:33:58
#  File has been updated.
#  Successfully updated.
# variable set hash-table stats:
 
# Load=0/32=0%, Rehash=0, Collisions=0/0=0%
#  commands to execute (from `Makefile', line 36):
	$(CXX) -c $(CXXFLAGS) $< -o $@
	

# files hash-table stats:
# Load=46/1024=4%, Rehash=0, Collisions=3/124=2%
# VPATH Search Paths

# No `vpath' search paths.

# No general (`VPATH' variable) search path.

# # of strings in strcache: 1
# # of strcache buffers: 1
# strcache size: total = 4096 / max = 4096 / min = 4096 / avg = 4096
# strcache free: total = 4087 / max = 4087 / min = 4087 / avg = 4087

# Finished Make data base on Sun Jul 31 05:45:55 2022

 
